<?xml version="1.0" encoding="UTF-8"?>
<!-- Generated by org.testng.reporters.JUnitXMLReporter -->
<testsuite hostname="WIN-GEDESCREUP8" ignored="0" name="Default test" tests="7" failures="7" timestamp="18 Apr 2018 02:08:04 GMT" time="6.325" errors="0">
  <testcase name="runScenario" time="0.031" classname="cucumber.api.testng.AbstractTestNGCucumberTests">
    <failure/>
  </testcase> <!-- runScenario -->
  <testcase name="runScenario" time="0.015" classname="cucumber.api.testng.AbstractTestNGCucumberTests">
    <failure/>
  </testcase> <!-- runScenario -->
  <testcase name="runScenario" time="0.016" classname="cucumber.api.testng.AbstractTestNGCucumberTests">
    <failure/>
  </testcase> <!-- runScenario -->
  <testcase name="runScenario" time="0.0" classname="cucumber.api.testng.AbstractTestNGCucumberTests">
    <failure/>
  </testcase> <!-- runScenario -->
  <testcase name="runScenario" time="0.0" classname="cucumber.api.testng.AbstractTestNGCucumberTests">
    <failure/>
  </testcase> <!-- runScenario -->
  <testcase name="runScenario" time="0.047" classname="cucumber.api.testng.AbstractTestNGCucumberTests">
    <failure/>
  </testcase> <!-- runScenario -->
  <testcase name="runScenario" time="0.016" classname="cucumber.api.testng.AbstractTestNGCucumberTests">
    <failure/>
  </testcase> <!-- runScenario -->
</testsuite> <!-- Default test -->
